# JRE version: OpenJDK Runtime Environment (8.0_242) (build 1.8.0_242-release-1644-b3-6222593)
# Java VM: OpenJDK 64-Bit Server VM (25.242-b3-6222593 mixed mode linux-amd64 compressed oops)
Heap:
 PSYoungGen      total 131584K, used 121856K [0x00000000d5580000, 0x00000000e5680000, 0x0000000100000000)
  eden space 121856K, 100% used [0x00000000d5580000,0x00000000dcc80000,0x00000000dcc80000)
  from space 9728K, 0% used [0x00000000dcc80000,0x00000000dcc80000,0x00000000dd600000)
  to   space 9728K, 55% used [0x00000000e4d00000,0x00000000e5250000,0x00000000e5680000)
 ParOldGen       total 105472K, used 11758K [0x0000000080000000, 0x0000000086700000, 0x00000000d5580000)
  object space 105472K, 11% used [0x0000000080000000,0x0000000080b7b918,0x0000000086700000)
 Metaspace       used 31868K, capacity 32622K, committed 32816K, reserved 1077248K
  class space    used 4343K, capacity 4576K, committed 4656K, reserved 1048576K
GC Heap History (9 events):
Event: 2.440 GC heap before
{Heap before GC invocations=1 (full 0):
 PSYoungGen      total 70656K, used 60928K [0x00000000d5580000, 0x00000000da400000, 0x0000000100000000)
  eden space 60928K, 100% used [0x00000000d5580000,0x00000000d9100000,0x00000000d9100000)
  from space 9728K, 0% used [0x00000000d9a80000,0x00000000d9a80000,0x00000000da400000)
  to   space 9728K, 0% used [0x00000000d9100000,0x00000000d9100000,0x00000000d9a80000)
 ParOldGen       total 161280K, used 0K [0x0000000080000000, 0x0000000089d80000, 0x00000000d5580000)
  object space 161280K, 0% used [0x0000000080000000,0x0000000080000000,0x0000000089d80000)
 Metaspace       used 7503K, capacity 7712K, committed 8064K, reserved 1056768K
  class space    used 947K, capacity 1040K, committed 1152K, reserved 1048576K
Event: 2.471 GC heap after
Heap after GC invocations=1 (full 0):
 PSYoungGen      total 70656K, used 5983K [0x00000000d5580000, 0x00000000ddf80000, 0x0000000100000000)
  eden space 60928K, 0% used [0x00000000d5580000,0x00000000d5580000,0x00000000d9100000)
  from space 9728K, 61% used [0x00000000d9100000,0x00000000d96d7c18,0x00000000d9a80000)
  to   space 9728K, 0% used [0x00000000dd600000,0x00000000dd600000,0x00000000ddf80000)
 ParOldGen       total 161280K, used 16K [0x0000000080000000, 0x0000000089d80000, 0x00000000d5580000)
  object space 161280K, 0% used [0x0000000080000000,0x0000000080004000,0x0000000089d80000)
 Metaspace       used 7503K, capacity 7712K, committed 8064K, reserved 1056768K
  class space    used 947K, capacity 1040K, committed 1152K, reserved 1048576K
}
Event: 4.380 GC heap before
{Heap before GC invocations=2 (full 0):
 PSYoungGen      total 70656K, used 66911K [0x00000000d5580000, 0x00000000ddf80000, 0x0000000100000000)
  eden space 60928K, 100% used [0x00000000d5580000,0x00000000d9100000,0x00000000d9100000)
  from space 9728K, 61% used [0x00000000d9100000,0x00000000d96d7c18,0x00000000d9a80000)
  to   space 9728K, 0% used [0x00000000dd600000,0x00000000dd600000,0x00000000ddf80000)
 ParOldGen       total 161280K, used 16K [0x0000000080000000, 0x0000000089d80000, 0x00000000d5580000)
  object space 161280K, 0% used [0x0000000080000000,0x0000000080004000,0x0000000089d80000)
 Metaspace       used 14920K, capacity 15362K, committed 15488K, reserved 1062912K
  class space    used 2001K, capacity 2153K, committed 2176K, reserved 1048576K
Event: 4.407 GC heap after
Heap after GC invocations=2 (full 0):
 PSYoungGen      total 131584K, used 9251K [0x00000000d5580000, 0x00000000ddf80000, 0x0000000100000000)
  eden space 121856K, 0% used [0x00000000d5580000,0x00000000d5580000,0x00000000dcc80000)
  from space 9728K, 95% used [0x00000000dd600000,0x00000000ddf08ee0,0x00000000ddf80000)
  to   space 9728K, 0% used [0x00000000dcc80000,0x00000000dcc80000,0x00000000dd600000)
 ParOldGen       total 161280K, used 24K [0x0000000080000000, 0x0000000089d80000, 0x00000000d5580000)
  object space 161280K, 0% used [0x0000000080000000,0x0000000080006000,0x0000000089d80000)
 Metaspace       used 14920K, capacity 15362K, committed 15488K, reserved 1062912K
  class space    used 2001K, capacity 2153K, committed 2176K, reserved 1048576K
}
Event: 6.266 GC heap before
{Heap before GC invocations=3 (full 0):
 PSYoungGen      total 131584K, used 84482K [0x00000000d5580000, 0x00000000ddf80000, 0x0000000100000000)
  eden space 121856K, 61% used [0x00000000d5580000,0x00000000d9ef7a98,0x00000000dcc80000)
  from space 9728K, 95% used [0x00000000dd600000,0x00000000ddf08ee0,0x00000000ddf80000)
  to   space 9728K, 0% used [0x00000000dcc80000,0x00000000dcc80000,0x00000000dd600000)
 ParOldGen       total 161280K, used 24K [0x0000000080000000, 0x0000000089d80000, 0x00000000d5580000)
  object space 161280K, 0% used [0x0000000080000000,0x0000000080006000,0x0000000089d80000)
 Metaspace       used 20629K, capacity 21250K, committed 21296K, reserved 1067008K
  class space    used 2899K, capacity 3115K, committed 3120K, reserved 1048576K
Event: 6.292 GC heap after
Heap after GC invocations=3 (full 0):
 PSYoungGen      total 131584K, used 9710K [0x00000000d5580000, 0x00000000e5680000, 0x0000000100000000)
  eden space 121856K, 0% used [0x00000000d5580000,0x00000000d5580000,0x00000000dcc80000)
  from space 9728K, 99% used [0x00000000dcc80000,0x00000000dd5fbbb8,0x00000000dd600000)
  to   space 9728K, 0% used [0x00000000e4d00000,0x00000000e4d00000,0x00000000e5680000)
 ParOldGen       total 161280K, used 2501K [0x0000000080000000, 0x0000000089d80000, 0x00000000d5580000)
  object space 161280K, 1% used [0x0000000080000000,0x00000000802715b0,0x0000000089d80000)
 Metaspace       used 20629K, capacity 21250K, committed 21296K, reserved 1067008K
  class space    used 2899K, capacity 3115K, committed 3120K, reserved 1048576K
}
Event: 6.292 GC heap before
{Heap before GC invocations=4 (full 1):
 PSYoungGen      total 131584K, used 9710K [0x00000000d5580000, 0x00000000e5680000, 0x0000000100000000)
  eden space 121856K, 0% used [0x00000000d5580000,0x00000000d5580000,0x00000000dcc80000)
  from space 9728K, 99% used [0x00000000dcc80000,0x00000000dd5fbbb8,0x00000000dd600000)
  to   space 9728K, 0% used [0x00000000e4d00000,0x00000000e4d00000,0x00000000e5680000)
 ParOldGen       total 161280K, used 2501K [0x0000000080000000, 0x0000000089d80000, 0x00000000d5580000)
  object space 161280K, 1% used [0x0000000080000000,0x00000000802715b0,0x0000000089d80000)
 Metaspace       used 20629K, capacity 21250K, committed 21296K, reserved 1067008K
  class space    used 2899K, capacity 3115K, committed 3120K, reserved 1048576K
Event: 6.375 GC heap after
Heap after GC invocations=4 (full 1):
 PSYoungGen      total 131584K, used 0K [0x00000000d5580000, 0x00000000e5680000, 0x0000000100000000)
  eden space 121856K, 0% used [0x00000000d5580000,0x00000000d5580000,0x00000000dcc80000)
  from space 9728K, 0% used [0x00000000dcc80000,0x00000000dcc80000,0x00000000dd600000)
  to   space 9728K, 0% used [0x00000000e4d00000,0x00000000e4d00000,0x00000000e5680000)
 ParOldGen       total 105472K, used 11750K [0x0000000080000000, 0x0000000086700000, 0x00000000d5580000)
  object space 105472K, 11% used [0x0000000080000000,0x0000000080b79918,0x0000000086700000)
 Metaspace       used 20629K, capacity 21250K, committed 21296K, reserved 1067008K
  class space    used 2899K, capacity 3115K, committed 3120K, reserved 1048576K
}
Event: 9.369 GC heap before
{Heap before GC invocations=5 (full 1):
 PSYoungGen      total 131584K, used 121856K [0x00000000d5580000, 0x00000000e5680000, 0x0000000100000000)
  eden space 121856K, 100% used [0x00000000d5580000,0x00000000dcc80000,0x00000000dcc80000)
  from space 9728K, 0% used [0x00000000dcc80000,0x00000000dcc80000,0x00000000dd600000)
  to   space 9728K, 0% used [0x00000000e4d00000,0x00000000e4d00000,0x00000000e5680000)
 ParOldGen       total 105472K, used 11750K [0x0000000080000000, 0x0000000086700000, 0x00000000d5580000)
  object space 105472K, 11% used [0x0000000080000000,0x0000000080b79918,0x0000000086700000)
 Metaspace       used 31868K, capacity 32622K, committed 32816K, reserved 1077248K
  class space    used 4343K, capacity 4576K, committed 4656K, reserved 1048576K

